<?xml version="1.0" encoding="utf-8"?>
<coverage line-rate="0.3707865168539326" branch-rate="0" complexity="0" branches-covered="0" branches-valid="0" timestamp="1771169072" lines-covered="231" lines-valid="623" version="0">
  <sources>
    <source>C:</source>
  </sources>
  <packages>
    <package name="C:\Users\Jeremy\Documents\GitHub\DIME\src\tests\bin\x64\Debug\DIMETests.dll" line-rate="0.3707865168539326" branch-rate="0" complexity="0">
      <classes>
        <class name="Compartment.cpp" filename="Users\Jeremy\Documents\GitHub\DIME\src\Compartment.cpp" line-rate="0.72916666666666663" branch-rate="0" complexity="0">
          <methods/>
          <lines>
            <line number="48" hits="1"/>
            <line number="49" hits="1"/>
            <line number="51" hits="1"/>
            <line number="52" hits="1"/>
            <line number="53" hits="1"/>
            <line number="55" hits="1"/>
            <line number="56" hits="1"/>
            <line number="63" hits="1"/>
            <line number="64" hits="1"/>
            <line number="65" hits="1"/>
            <line number="66" hits="1"/>
            <line number="73" hits="1"/>
            <line number="74" hits="1"/>
            <line number="75" hits="1"/>
            <line number="77" hits="1"/>
            <line number="78" hits="1"/>
            <line number="79" hits="1"/>
            <line number="81" hits="1"/>
            <line number="82" hits="1"/>
            <line number="83" hits="1"/>
            <line number="86" hits="1"/>
            <line number="87" hits="1"/>
            <line number="94" hits="1"/>
            <line number="95" hits="1"/>
            <line number="96" hits="1"/>
            <line number="97" hits="1"/>
            <line number="99" hits="1"/>
            <line number="102" hits="1"/>
            <line number="103" hits="1"/>
            <line number="105" hits="1"/>
            <line number="107" hits="1"/>
            <line number="108" hits="1"/>
            <line number="111" hits="0"/>
            <line number="114" hits="1"/>
            <line number="117" hits="1"/>
            <line number="118" hits="1"/>
            <line number="125" hits="1"/>
            <line number="126" hits="1"/>
            <line number="127" hits="1"/>
            <line number="129" hits="1"/>
            <line number="130" hits="1"/>
            <line number="133" hits="1"/>
            <line number="134" hits="1"/>
            <line number="135" hits="1"/>
            <line number="136" hits="1"/>
            <line number="137" hits="1"/>
            <line number="140" hits="1"/>
            <line number="141" hits="1"/>
            <line number="148" hits="1"/>
            <line number="149" hits="1"/>
            <line number="150" hits="1"/>
            <line number="151" hits="1"/>
            <line number="153" hits="1"/>
            <line number="154" hits="1"/>
            <line number="157" hits="1"/>
            <line number="158" hits="1"/>
            <line number="160" hits="1"/>
            <line number="162" hits="1"/>
            <line number="163" hits="1"/>
            <line number="166" hits="0"/>
            <line number="169" hits="1"/>
            <line number="172" hits="1"/>
            <line number="173" hits="1"/>
            <line number="180" hits="1"/>
            <line number="181" hits="1"/>
            <line number="182" hits="1"/>
            <line number="184" hits="1"/>
            <line number="185" hits="1"/>
            <line number="188" hits="1"/>
            <line number="189" hits="1"/>
            <line number="190" hits="1"/>
            <line number="191" hits="1"/>
            <line number="192" hits="1"/>
            <line number="195" hits="1"/>
            <line number="196" hits="1"/>
            <line number="205" hits="1"/>
            <line number="206" hits="1"/>
            <line number="208" hits="0"/>
            <line number="211" hits="1"/>
            <line number="212" hits="1"/>
            <line number="214" hits="1"/>
            <line number="216" hits="1"/>
            <line number="217" hits="1"/>
            <line number="220" hits="1"/>
            <line number="221" hits="1"/>
            <line number="232" hits="1"/>
            <line number="233" hits="1"/>
            <line number="234" hits="1"/>
            <line number="241" hits="1"/>
            <line number="242" hits="1"/>
            <line number="251" hits="1"/>
            <line number="252" hits="1"/>
            <line number="253" hits="0"/>
            <line number="255" hits="1"/>
            <line number="257" hits="1"/>
            <line number="260" hits="1"/>
            <line number="263" hits="1"/>
            <line number="265" hits="1"/>
            <line number="266" hits="1"/>
            <line number="269" hits="0"/>
            <line number="270" hits="1"/>
            <line number="280" hits="1"/>
            <line number="281" hits="1"/>
            <line number="282" hits="1"/>
            <line number="291" hits="1"/>
            <line number="292" hits="1"/>
            <line number="294" hits="1"/>
            <line number="296" hits="1"/>
            <line number="298" hits="0"/>
            <line number="301" hits="1"/>
            <line number="302" hits="1"/>
            <line number="311" hits="0"/>
            <line number="312" hits="0"/>
            <line number="313" hits="0"/>
            <line number="322" hits="0"/>
            <line number="323" hits="0"/>
            <line number="324" hits="0"/>
            <line number="325" hits="0"/>
            <line number="327" hits="0"/>
            <line number="328" hits="0"/>
            <line number="330" hits="0"/>
            <line number="333" hits="0"/>
            <line number="334" hits="0"/>
            <line number="336" hits="0"/>
            <line number="337" hits="0"/>
            <line number="339" hits="0"/>
            <line number="340" hits="0"/>
            <line number="344" hits="0"/>
            <line number="346" hits="0"/>
            <line number="347" hits="0"/>
            <line number="356" hits="0"/>
            <line number="357" hits="0"/>
            <line number="358" hits="0"/>
            <line number="360" hits="0"/>
            <line number="362" hits="0"/>
            <line number="365" hits="0"/>
            <line number="366" hits="0"/>
            <line number="368" hits="0"/>
            <line number="369" hits="0"/>
            <line number="372" hits="0"/>
            <line number="373" hits="0"/>
            <line number="374" hits="0"/>
            <line number="376" hits="0"/>
            <line number="377" hits="0"/>
          </lines>
        </class>
        <class name="LanguageBar.cpp" filename="Users\Jeremy\Documents\GitHub\DIME\src\LanguageBar.cpp" line-rate="0.26304801670146138" branch-rate="0" complexity="0">
          <methods/>
          <lines>
            <line number="50" hits="0"/>
            <line number="51" hits="0"/>
            <line number="52" hits="0"/>
            <line number="54" hits="0"/>
            <line number="56" hits="0"/>
            <line number="57" hits="0"/>
            <line number="60" hits="0"/>
            <line number="62" hits="0"/>
            <line number="64" hits="0"/>
            <line number="65" hits="0"/>
            <line number="68" hits="0"/>
            <line number="69" hits="0"/>
            <line number="71" hits="0"/>
            <line number="73" hits="0"/>
            <line number="76" hits="0"/>
            <line number="79" hits="0"/>
            <line number="80" hits="0"/>
            <line number="83" hits="0"/>
            <line number="87" hits="0"/>
            <line number="89" hits="0"/>
            <line number="94" hits="0"/>
            <line number="95" hits="0"/>
            <line number="96" hits="0"/>
            <line number="105" hits="0"/>
            <line number="106" hits="0"/>
            <line number="107" hits="0"/>
            <line number="109" hits="0"/>
            <line number="111" hits="0"/>
            <line number="113" hits="0"/>
            <line number="117" hits="0"/>
            <line number="118" hits="0"/>
            <line number="127" hits="0"/>
            <line number="128" hits="0"/>
            <line number="131" hits="0"/>
            <line number="133" hits="0"/>
            <line number="135" hits="0"/>
            <line number="136" hits="0"/>
            <line number="137" hits="0"/>
            <line number="138" hits="0"/>
            <line number="141" hits="0"/>
            <line number="142" hits="0"/>
            <line number="144" hits="0"/>
            <line number="151" hits="0"/>
            <line number="153" hits="0"/>
            <line number="154" hits="0"/>
            <line number="157" hits="0"/>
            <line number="159" hits="0"/>
            <line number="160" hits="0"/>
            <line number="164" hits="0"/>
            <line number="165" hits="0"/>
            <line number="167" hits="0"/>
            <line number="169" hits="0"/>
            <line number="170" hits="0"/>
            <line number="172" hits="0"/>
            <line number="176" hits="0"/>
            <line number="178" hits="0"/>
            <line number="179" hits="0"/>
            <line number="181" hits="0"/>
            <line number="185" hits="0"/>
            <line number="187" hits="0"/>
            <line number="189" hits="0"/>
            <line number="191" hits="0"/>
            <line number="197" hits="0"/>
            <line number="206" hits="0"/>
            <line number="207" hits="0"/>
            <line number="210" hits="0"/>
            <line number="212" hits="0"/>
            <line number="216" hits="0"/>
            <line number="226" hits="0"/>
            <line number="227" hits="0"/>
            <line number="228" hits="0"/>
            <line number="229" hits="0"/>
            <line number="231" hits="0"/>
            <line number="232" hits="0"/>
            <line number="234" hits="0"/>
            <line number="235" hits="0"/>
            <line number="238" hits="0"/>
            <line number="247" hits="1"/>
            <line number="248" hits="1"/>
            <line number="250" hits="1"/>
            <line number="252" hits="1"/>
            <line number="255" hits="1"/>
            <line number="256" hits="1"/>
            <line number="257" hits="1"/>
            <line number="258" hits="1"/>
            <line number="259" hits="1"/>
            <line number="262" hits="1"/>
            <line number="265" hits="1"/>
            <line number="266" hits="1"/>
            <line number="269" hits="1"/>
            <line number="270" hits="1"/>
            <line number="272" hits="1"/>
            <line number="273" hits="1"/>
            <line number="274" hits="1"/>
            <line number="276" hits="1"/>
            <line number="279" hits="1"/>
            <line number="280" hits="1"/>
            <line number="282" hits="1"/>
            <line number="283" hits="1"/>
            <line number="285" hits="0"/>
            <line number="287" hits="1"/>
            <line number="288" hits="1"/>
            <line number="289" hits="1"/>
            <line number="291" hits="1"/>
            <line number="294" hits="1"/>
            <line number="303" hits="1"/>
            <line number="304" hits="1"/>
            <line number="305" hits="1"/>
            <line number="306" hits="1"/>
            <line number="315" hits="1"/>
            <line number="316" hits="1"/>
            <line number="318" hits="1"/>
            <line number="319" hits="1"/>
            <line number="322" hits="1"/>
            <line number="323" hits="1"/>
            <line number="328" hits="1"/>
            <line number="330" hits="1"/>
            <line number="332" hits="1"/>
            <line number="333" hits="1"/>
            <line number="334" hits="1"/>
            <line number="337" hits="1"/>
            <line number="339" hits="0"/>
            <line number="340" hits="0"/>
            <line number="343" hits="1"/>
            <line number="345" hits="0"/>
            <line number="346" hits="0"/>
            <line number="348" hits="1"/>
            <line number="357" hits="1"/>
            <line number="358" hits="1"/>
            <line number="360" hits="0"/>
            <line number="363" hits="1"/>
            <line number="366" hits="1"/>
            <line number="369" hits="1"/>
            <line number="370" hits="1"/>
            <line number="371" hits="1"/>
            <line number="373" hits="1"/>
            <line number="376" hits="1"/>
            <line number="378" hits="1"/>
            <line number="379" hits="1"/>
            <line number="382" hits="0"/>
            <line number="383" hits="1"/>
            <line number="393" hits="1"/>
            <line number="394" hits="1"/>
            <line number="395" hits="1"/>
            <line number="404" hits="1"/>
            <line number="405" hits="1"/>
            <line number="407" hits="1"/>
            <line number="409" hits="1"/>
            <line number="411" hits="0"/>
            <line number="414" hits="1"/>
            <line number="415" hits="1"/>
            <line number="424" hits="1"/>
            <line number="425" hits="1"/>
            <line number="426" hits="1"/>
            <line number="427" hits="1"/>
            <line number="428" hits="1"/>
            <line number="437" hits="1"/>
            <line number="443" hits="1"/>
            <line number="444" hits="1"/>
            <line number="445" hits="1"/>
            <line number="454" hits="1"/>
            <line number="455" hits="1"/>
            <line number="457" hits="1"/>
            <line number="459" hits="1"/>
            <line number="461" hits="1"/>
            <line number="462" hits="1"/>
            <line number="464" hits="1"/>
            <line number="467" hits="1"/>
            <line number="469" hits="1"/>
            <line number="470" hits="1"/>
            <line number="474" hits="1"/>
            <line number="476" hits="0"/>
            <line number="480" hits="1"/>
            <line number="489" hits="1"/>
            <line number="491" hits="1"/>
            <line number="493" hits="0"/>
            <line number="495" hits="1"/>
            <line number="496" hits="1"/>
            <line number="505" hits="1"/>
            <line number="506" hits="1"/>
            <line number="508" hits="1"/>
            <line number="509" hits="1"/>
            <line number="518" hits="1"/>
            <line number="523" hits="1"/>
            <line number="525" hits="1"/>
            <line number="527" hits="0"/>
            <line number="528" hits="0"/>
            <line number="531" hits="1"/>
            <line number="532" hits="1"/>
            <line number="541" hits="0"/>
            <line number="557" hits="0"/>
            <line number="558" hits="0"/>
            <line number="567" hits="0"/>
            <line number="570" hits="0"/>
            <line number="571" hits="0"/>
            <line number="580" hits="1"/>
            <line number="581" hits="1"/>
            <line number="583" hits="1"/>
            <line number="585" hits="1"/>
            <line number="587" hits="0"/>
            <line number="589" hits="0"/>
            <line number="591" hits="0"/>
            <line number="593" hits="0"/>
            <line number="595" hits="0"/>
            <line number="596" hits="0"/>
            <line number="599" hits="0"/>
            <line number="601" hits="0"/>
            <line number="603" hits="0"/>
            <line number="605" hits="0"/>
            <line number="608" hits="0"/>
            <line number="610" hits="0"/>
            <line number="614" hits="0"/>
            <line number="615" hits="1"/>
            <line number="624" hits="1"/>
            <line number="625" hits="1"/>
            <line number="627" hits="1"/>
            <line number="628" hits="1"/>
            <line number="637" hits="1"/>
            <line number="639" hits="1"/>
            <line number="641" hits="0"/>
            <line number="645" hits="1"/>
            <line number="647" hits="0"/>
            <line number="651" hits="1"/>
            <line number="653" hits="1"/>
            <line number="655" hits="0"/>
            <line number="657" hits="0"/>
            <line number="658" hits="0"/>
            <line number="662" hits="0"/>
            <line number="663" hits="0"/>
            <line number="664" hits="1"/>
            <line number="673" hits="0"/>
            <line number="675" hits="0"/>
            <line number="677" hits="0"/>
            <line number="681" hits="0"/>
            <line number="683" hits="0"/>
            <line number="686" hits="0"/>
            <line number="687" hits="0"/>
            <line number="689" hits="0"/>
            <line number="690" hits="0"/>
            <line number="699" hits="0"/>
            <line number="700" hits="0"/>
            <line number="701" hits="0"/>
            <line number="703" hits="0"/>
            <line number="705" hits="0"/>
            <line number="708" hits="0"/>
            <line number="709" hits="0"/>
            <line number="711" hits="0"/>
            <line number="712" hits="0"/>
            <line number="714" hits="0"/>
            <line number="716" hits="0"/>
            <line number="719" hits="0"/>
            <line number="720" hits="0"/>
            <line number="729" hits="1"/>
            <line number="730" hits="1"/>
            <line number="731" hits="1"/>
            <line number="733" hits="1"/>
            <line number="735" hits="1"/>
            <line number="738" hits="0"/>
            <line number="739" hits="0"/>
            <line number="741" hits="0"/>
            <line number="742" hits="0"/>
            <line number="744" hits="0"/>
            <line number="746" hits="0"/>
            <line number="749" hits="0"/>
            <line number="750" hits="1"/>
            <line number="759" hits="0"/>
            <line number="760" hits="0"/>
            <line number="761" hits="0"/>
            <line number="762" hits="0"/>
            <line number="765" hits="0"/>
            <line number="766" hits="0"/>
            <line number="768" hits="0"/>
            <line number="769" hits="0"/>
            <line number="772" hits="0"/>
            <line number="773" hits="0"/>
            <line number="777" hits="0"/>
            <line number="778" hits="0"/>
            <line number="787" hits="1"/>
            <line number="788" hits="1"/>
            <line number="790" hits="1"/>
            <line number="793" hits="0"/>
            <line number="795" hits="0"/>
            <line number="799" hits="0"/>
            <line number="802" hits="1"/>
            <line number="803" hits="1"/>
            <line number="813" hits="0"/>
            <line number="814" hits="0"/>
            <line number="816" hits="0"/>
            <line number="817" hits="0"/>
            <line number="819" hits="0"/>
            <line number="820" hits="0"/>
            <line number="822" hits="0"/>
            <line number="824" hits="0"/>
            <line number="826" hits="0"/>
            <line number="830" hits="0"/>
            <line number="831" hits="0"/>
            <line number="834" hits="0"/>
            <line number="835" hits="0"/>
            <line number="836" hits="0"/>
            <line number="838" hits="0"/>
            <line number="839" hits="0"/>
            <line number="840" hits="0"/>
            <line number="841" hits="0"/>
            <line number="843" hits="0"/>
            <line number="844" hits="0"/>
            <line number="846" hits="0"/>
            <line number="847" hits="0"/>
            <line number="850" hits="0"/>
            <line number="851" hits="0"/>
            <line number="860" hits="0"/>
            <line number="861" hits="0"/>
            <line number="862" hits="0"/>
            <line number="863" hits="0"/>
            <line number="865" hits="0"/>
            <line number="868" hits="0"/>
            <line number="869" hits="0"/>
            <line number="870" hits="0"/>
            <line number="872" hits="0"/>
            <line number="875" hits="0"/>
            <line number="877" hits="0"/>
            <line number="878" hits="0"/>
            <line number="879" hits="0"/>
            <line number="882" hits="0"/>
            <line number="883" hits="0"/>
            <line number="884" hits="0"/>
            <line number="887" hits="0"/>
            <line number="890" hits="0"/>
            <line number="891" hits="0"/>
            <line number="893" hits="0"/>
            <line number="894" hits="0"/>
            <line number="897" hits="0"/>
            <line number="898" hits="0"/>
            <line number="899" hits="0"/>
            <line number="900" hits="0"/>
            <line number="903" hits="0"/>
            <line number="904" hits="0"/>
            <line number="905" hits="0"/>
            <line number="906" hits="0"/>
            <line number="915" hits="0"/>
            <line number="916" hits="0"/>
            <line number="917" hits="0"/>
            <line number="919" hits="0"/>
            <line number="922" hits="0"/>
            <line number="923" hits="0"/>
            <line number="925" hits="0"/>
            <line number="928" hits="0"/>
            <line number="929" hits="0"/>
            <line number="930" hits="0"/>
            <line number="932" hits="0"/>
            <line number="934" hits="0"/>
            <line number="935" hits="0"/>
            <line number="936" hits="0"/>
            <line number="938" hits="0"/>
            <line number="944" hits="0"/>
            <line number="945" hits="0"/>
            <line number="946" hits="0"/>
            <line number="947" hits="0"/>
            <line number="949" hits="0"/>
            <line number="950" hits="0"/>
            <line number="951" hits="0"/>
            <line number="953" hits="0"/>
            <line number="955" hits="0"/>
            <line number="956" hits="0"/>
            <line number="957" hits="0"/>
            <line number="959" hits="0"/>
            <line number="962" hits="0"/>
            <line number="963" hits="0"/>
            <line number="964" hits="0"/>
            <line number="965" hits="0"/>
            <line number="967" hits="0"/>
            <line number="968" hits="0"/>
            <line number="969" hits="0"/>
            <line number="971" hits="0"/>
            <line number="973" hits="0"/>
            <line number="974" hits="0"/>
            <line number="975" hits="0"/>
            <line number="977" hits="0"/>
            <line number="985" hits="0"/>
            <line number="994" hits="0"/>
            <line number="995" hits="0"/>
            <line number="996" hits="0"/>
            <line number="998" hits="0"/>
            <line number="1001" hits="0"/>
            <line number="1002" hits="0"/>
            <line number="1003" hits="0"/>
            <line number="1005" hits="0"/>
            <line number="1008" hits="0"/>
            <line number="1010" hits="0"/>
            <line number="1011" hits="0"/>
            <line number="1012" hits="0"/>
            <line number="1014" hits="0"/>
            <line number="1016" hits="0"/>
            <line number="1017" hits="0"/>
            <line number="1018" hits="0"/>
            <line number="1020" hits="0"/>
            <line number="1024" hits="0"/>
            <line number="1026" hits="0"/>
            <line number="1027" hits="0"/>
            <line number="1028" hits="0"/>
            <line number="1030" hits="0"/>
            <line number="1039" hits="0"/>
            <line number="1040" hits="0"/>
            <line number="1041" hits="0"/>
            <line number="1043" hits="0"/>
            <line number="1046" hits="0"/>
            <line number="1047" hits="0"/>
            <line number="1048" hits="0"/>
            <line number="1050" hits="0"/>
            <line number="1053" hits="0"/>
            <line number="1055" hits="0"/>
            <line number="1056" hits="0"/>
            <line number="1057" hits="0"/>
            <line number="1060" hits="0"/>
            <line number="1061" hits="0"/>
            <line number="1063" hits="0"/>
            <line number="1064" hits="0"/>
            <line number="1066" hits="0"/>
            <line number="1067" hits="0"/>
            <line number="1068" hits="0"/>
            <line number="1070" hits="0"/>
            <line number="1073" hits="0"/>
            <line number="1075" hits="0"/>
            <line number="1076" hits="0"/>
            <line number="1077" hits="0"/>
            <line number="1078" hits="0"/>
            <line number="1080" hits="0"/>
            <line number="1081" hits="0"/>
            <line number="1082" hits="0"/>
            <line number="1084" hits="0"/>
            <line number="1085" hits="0"/>
            <line number="1087" hits="0"/>
            <line number="1089" hits="0"/>
            <line number="1090" hits="0"/>
            <line number="1092" hits="0"/>
            <line number="1095" hits="0"/>
            <line number="1097" hits="0"/>
            <line number="1098" hits="0"/>
            <line number="1099" hits="0"/>
            <line number="1100" hits="0"/>
            <line number="1109" hits="0"/>
            <line number="1113" hits="0"/>
            <line number="1114" hits="0"/>
            <line number="1116" hits="0"/>
            <line number="1117" hits="0"/>
            <line number="1119" hits="0"/>
            <line number="1121" hits="0"/>
            <line number="1122" hits="0"/>
            <line number="1125" hits="0"/>
            <line number="1126" hits="0"/>
            <line number="1127" hits="0"/>
            <line number="1129" hits="0"/>
            <line number="1132" hits="0"/>
            <line number="1133" hits="0"/>
            <line number="1134" hits="0"/>
            <line number="1135" hits="0"/>
            <line number="1137" hits="0"/>
            <line number="1139" hits="0"/>
            <line number="1140" hits="0"/>
            <line number="1141" hits="0"/>
            <line number="1142" hits="0"/>
            <line number="1145" hits="0"/>
            <line number="1146" hits="0"/>
            <line number="1147" hits="0"/>
            <line number="1148" hits="0"/>
            <line number="1150" hits="0"/>
            <line number="1152" hits="0"/>
            <line number="1153" hits="0"/>
            <line number="1154" hits="0"/>
            <line number="1155" hits="0"/>
            <line number="1158" hits="0"/>
            <line number="1159" hits="0"/>
            <line number="1161" hits="0"/>
            <line number="1162" hits="0"/>
            <line number="1163" hits="0"/>
            <line number="1165" hits="0"/>
            <line number="1166" hits="0"/>
            <line number="1168" hits="0"/>
            <line number="1169" hits="0"/>
            <line number="1170" hits="0"/>
          </lines>
        </class>
      </classes>
    </package>
  </packages>
</coverage>
