<?xml version="1.0" encoding="utf-8"?>
<coverage line-rate="0.25578831312017641" branch-rate="0" complexity="0" branches-covered="0" branches-valid="0" timestamp="1771169085" lines-covered="232" lines-valid="907" version="0">
  <sources>
    <source>C:</source>
  </sources>
  <packages>
    <package name="C:\Users\Jeremy\Documents\GitHub\DIME\src\tests\bin\x64\Debug\DIMETests.dll" line-rate="0.25578831312017641" branch-rate="0" complexity="0">
      <classes>
        <class name="CandidateWindow.cpp" filename="Users\Jeremy\Documents\GitHub\DIME\src\CandidateWindow.cpp" line-rate="0.29840848806366049" branch-rate="0" complexity="0">
          <methods/>
          <lines>
            <line number="51" hits="1"/>
            <line number="53" hits="1"/>
            <line number="55" hits="1"/>
            <line number="57" hits="1"/>
            <line number="59" hits="1"/>
            <line number="60" hits="1"/>
            <line number="62" hits="1"/>
            <line number="64" hits="1"/>
            <line number="65" hits="1"/>
            <line number="67" hits="1"/>
            <line number="69" hits="1"/>
            <line number="70" hits="1"/>
            <line number="72" hits="1"/>
            <line number="74" hits="1"/>
            <line number="76" hits="1"/>
            <line number="78" hits="1"/>
            <line number="80" hits="1"/>
            <line number="82" hits="1"/>
            <line number="83" hits="1"/>
            <line number="85" hits="1"/>
            <line number="94" hits="1"/>
            <line number="95" hits="1"/>
            <line number="96" hits="1"/>
            <line number="97" hits="1"/>
            <line number="98" hits="1"/>
            <line number="99" hits="1"/>
            <line number="100" hits="1"/>
            <line number="110" hits="1"/>
            <line number="111" hits="1"/>
            <line number="112" hits="1"/>
            <line number="113" hits="1"/>
            <line number="115" hits="1"/>
            <line number="116" hits="1"/>
            <line number="118" hits="0"/>
            <line number="128" hits="1"/>
            <line number="129" hits="1"/>
            <line number="131" hits="0"/>
            <line number="134" hits="1"/>
            <line number="137" hits="1"/>
            <line number="138" hits="1"/>
            <line number="142" hits="1"/>
            <line number="143" hits="1"/>
            <line number="145" hits="1"/>
            <line number="151" hits="0"/>
            <line number="153" hits="1"/>
            <line number="155" hits="1"/>
            <line number="156" hits="1"/>
            <line number="159" hits="0"/>
            <line number="160" hits="0"/>
            <line number="161" hits="0"/>
            <line number="163" hits="0"/>
            <line number="166" hits="0"/>
            <line number="171" hits="0"/>
            <line number="172" hits="0"/>
            <line number="176" hits="0"/>
            <line number="177" hits="0"/>
            <line number="180" hits="1"/>
            <line number="181" hits="1"/>
            <line number="183" hits="1"/>
            <line number="184" hits="1"/>
            <line number="185" hits="1"/>
            <line number="186" hits="1"/>
            <line number="188" hits="1"/>
            <line number="190" hits="0"/>
            <line number="191" hits="0"/>
            <line number="194" hits="1"/>
            <line number="196" hits="1"/>
            <line number="199" hits="0"/>
            <line number="200" hits="0"/>
            <line number="201" hits="0"/>
            <line number="204" hits="1"/>
            <line number="207" hits="1"/>
            <line number="208" hits="1"/>
            <line number="209" hits="1"/>
            <line number="212" hits="1"/>
            <line number="214" hits="1"/>
            <line number="215" hits="1"/>
            <line number="216" hits="1"/>
            <line number="217" hits="1"/>
            <line number="218" hits="1"/>
            <line number="221" hits="1"/>
            <line number="222" hits="1"/>
            <line number="225" hits="1"/>
            <line number="226" hits="1"/>
            <line number="227" hits="1"/>
            <line number="228" hits="1"/>
            <line number="230" hits="1"/>
            <line number="231" hits="1"/>
            <line number="232" hits="1"/>
            <line number="241" hits="1"/>
            <line number="242" hits="1"/>
            <line number="244" hits="1"/>
            <line number="246" hits="1"/>
            <line number="247" hits="1"/>
            <line number="248" hits="1"/>
            <line number="250" hits="1"/>
            <line number="257" hits="1"/>
            <line number="260" hits="0"/>
            <line number="261" hits="0"/>
            <line number="262" hits="0"/>
            <line number="265" hits="0"/>
            <line number="267" hits="0"/>
            <line number="268" hits="0"/>
            <line number="270" hits="0"/>
            <line number="271" hits="0"/>
            <line number="272" hits="0"/>
            <line number="274" hits="0"/>
            <line number="277" hits="0"/>
            <line number="278" hits="0"/>
            <line number="282" hits="0"/>
            <line number="291" hits="0"/>
            <line number="292" hits="0"/>
            <line number="293" hits="0"/>
            <line number="294" hits="0"/>
            <line number="298" hits="0"/>
            <line number="300" hits="0"/>
            <line number="301" hits="0"/>
            <line number="303" hits="0"/>
            <line number="305" hits="0"/>
            <line number="307" hits="0"/>
            <line number="309" hits="0"/>
            <line number="319" hits="0"/>
            <line number="320" hits="0"/>
            <line number="321" hits="0"/>
            <line number="322" hits="0"/>
            <line number="326" hits="1"/>
            <line number="327" hits="1"/>
            <line number="328" hits="1"/>
            <line number="329" hits="1"/>
            <line number="332" hits="0"/>
            <line number="333" hits="0"/>
            <line number="334" hits="0"/>
            <line number="335" hits="0"/>
            <line number="339" hits="1"/>
            <line number="340" hits="1"/>
            <line number="341" hits="1"/>
            <line number="343" hits="1"/>
            <line number="356" hits="0"/>
            <line number="357" hits="0"/>
            <line number="361" hits="0"/>
            <line number="362" hits="0"/>
            <line number="364" hits="0"/>
            <line number="365" hits="0"/>
            <line number="367" hits="0"/>
            <line number="369" hits="0"/>
            <line number="371" hits="0"/>
            <line number="373" hits="0"/>
            <line number="374" hits="0"/>
            <line number="377" hits="0"/>
            <line number="378" hits="0"/>
            <line number="382" hits="0"/>
            <line number="383" hits="0"/>
            <line number="385" hits="0"/>
            <line number="386" hits="0"/>
            <line number="388" hits="0"/>
            <line number="390" hits="0"/>
            <line number="393" hits="0"/>
            <line number="394" hits="0"/>
            <line number="398" hits="0"/>
            <line number="401" hits="0"/>
            <line number="403" hits="0"/>
            <line number="407" hits="0"/>
            <line number="409" hits="0"/>
            <line number="411" hits="0"/>
            <line number="412" hits="0"/>
            <line number="414" hits="0"/>
            <line number="418" hits="0"/>
            <line number="421" hits="0"/>
            <line number="423" hits="0"/>
            <line number="425" hits="0"/>
            <line number="429" hits="0"/>
            <line number="431" hits="0"/>
            <line number="434" hits="0"/>
            <line number="438" hits="0"/>
            <line number="440" hits="0"/>
            <line number="442" hits="0"/>
            <line number="445" hits="0"/>
            <line number="448" hits="0"/>
            <line number="452" hits="0"/>
            <line number="454" hits="0"/>
            <line number="456" hits="0"/>
            <line number="458" hits="0"/>
            <line number="460" hits="0"/>
            <line number="464" hits="0"/>
            <line number="465" hits="0"/>
            <line number="468" hits="0"/>
            <line number="469" hits="0"/>
            <line number="470" hits="0"/>
            <line number="471" hits="0"/>
            <line number="472" hits="0"/>
            <line number="475" hits="0"/>
            <line number="481" hits="0"/>
            <line number="482" hits="0"/>
            <line number="485" hits="0"/>
            <line number="487" hits="0"/>
            <line number="497" hits="0"/>
            <line number="499" hits="0"/>
            <line number="502" hits="0"/>
            <line number="505" hits="0"/>
            <line number="509" hits="0"/>
            <line number="511" hits="0"/>
            <line number="514" hits="0"/>
            <line number="517" hits="0"/>
            <line number="520" hits="0"/>
            <line number="522" hits="0"/>
            <line number="523" hits="0"/>
            <line number="526" hits="0"/>
            <line number="527" hits="0"/>
            <line number="536" hits="0"/>
            <line number="537" hits="0"/>
            <line number="540" hits="0"/>
            <line number="541" hits="0"/>
            <line number="543" hits="0"/>
            <line number="544" hits="0"/>
            <line number="546" hits="0"/>
            <line number="549" hits="0"/>
            <line number="558" hits="0"/>
            <line number="559" hits="0"/>
            <line number="561" hits="0"/>
            <line number="563" hits="0"/>
            <line number="565" hits="0"/>
            <line number="567" hits="0"/>
            <line number="569" hits="0"/>
            <line number="572" hits="0"/>
            <line number="573" hits="0"/>
            <line number="575" hits="0"/>
            <line number="577" hits="0"/>
            <line number="580" hits="0"/>
            <line number="582" hits="0"/>
            <line number="586" hits="0"/>
            <line number="587" hits="0"/>
            <line number="596" hits="0"/>
            <line number="598" hits="0"/>
            <line number="600" hits="0"/>
            <line number="603" hits="0"/>
            <line number="605" hits="0"/>
            <line number="606" hits="0"/>
            <line number="608" hits="0"/>
            <line number="610" hits="0"/>
            <line number="611" hits="0"/>
            <line number="612" hits="0"/>
            <line number="614" hits="0"/>
            <line number="616" hits="0"/>
            <line number="620" hits="0"/>
            <line number="623" hits="0"/>
            <line number="624" hits="0"/>
            <line number="625" hits="0"/>
            <line number="627" hits="0"/>
            <line number="629" hits="0"/>
            <line number="630" hits="0"/>
            <line number="632" hits="0"/>
            <line number="634" hits="0"/>
            <line number="635" hits="0"/>
            <line number="637" hits="0"/>
            <line number="638" hits="0"/>
            <line number="639" hits="0"/>
            <line number="640" hits="0"/>
            <line number="642" hits="0"/>
            <line number="644" hits="0"/>
            <line number="646" hits="0"/>
            <line number="648" hits="0"/>
            <line number="650" hits="0"/>
            <line number="651" hits="0"/>
            <line number="653" hits="0"/>
            <line number="655" hits="0"/>
            <line number="656" hits="0"/>
            <line number="659" hits="0"/>
            <line number="660" hits="0"/>
            <line number="669" hits="0"/>
            <line number="670" hits="0"/>
            <line number="672" hits="0"/>
            <line number="675" hits="0"/>
            <line number="676" hits="0"/>
            <line number="677" hits="0"/>
            <line number="679" hits="0"/>
            <line number="681" hits="0"/>
            <line number="682" hits="0"/>
            <line number="683" hits="0"/>
            <line number="685" hits="0"/>
            <line number="687" hits="0"/>
            <line number="696" hits="0"/>
            <line number="697" hits="0"/>
            <line number="699" hits="0"/>
            <line number="701" hits="0"/>
            <line number="702" hits="0"/>
            <line number="704" hits="0"/>
            <line number="706" hits="0"/>
            <line number="707" hits="0"/>
            <line number="708" hits="0"/>
            <line number="711" hits="0"/>
            <line number="712" hits="0"/>
            <line number="716" hits="0"/>
            <line number="717" hits="0"/>
            <line number="719" hits="0"/>
            <line number="720" hits="0"/>
            <line number="722" hits="0"/>
            <line number="724" hits="0"/>
            <line number="725" hits="0"/>
            <line number="728" hits="0"/>
            <line number="730" hits="0"/>
            <line number="732" hits="0"/>
            <line number="733" hits="0"/>
            <line number="735" hits="0"/>
            <line number="737" hits="0"/>
            <line number="741" hits="0"/>
            <line number="750" hits="0"/>
            <line number="751" hits="0"/>
            <line number="754" hits="0"/>
            <line number="755" hits="0"/>
            <line number="756" hits="0"/>
            <line number="758" hits="0"/>
            <line number="759" hits="0"/>
            <line number="760" hits="0"/>
            <line number="762" hits="0"/>
            <line number="763" hits="0"/>
            <line number="764" hits="0"/>
            <line number="766" hits="0"/>
            <line number="767" hits="0"/>
            <line number="768" hits="0"/>
            <line number="770" hits="0"/>
            <line number="771" hits="0"/>
            <line number="774" hits="0"/>
            <line number="783" hits="0"/>
            <line number="784" hits="0"/>
            <line number="786" hits="0"/>
            <line number="788" hits="0"/>
            <line number="789" hits="0"/>
            <line number="790" hits="0"/>
            <line number="792" hits="0"/>
            <line number="793" hits="0"/>
            <line number="795" hits="0"/>
            <line number="796" hits="0"/>
            <line number="797" hits="0"/>
            <line number="798" hits="0"/>
            <line number="800" hits="0"/>
            <line number="801" hits="0"/>
            <line number="802" hits="0"/>
            <line number="803" hits="0"/>
            <line number="808" hits="0"/>
            <line number="809" hits="0"/>
            <line number="811" hits="0"/>
            <line number="813" hits="0"/>
            <line number="814" hits="0"/>
            <line number="816" hits="0"/>
            <line number="819" hits="0"/>
            <line number="820" hits="0"/>
            <line number="821" hits="0"/>
            <line number="823" hits="0"/>
            <line number="824" hits="0"/>
            <line number="826" hits="0"/>
            <line number="827" hits="0"/>
            <line number="830" hits="0"/>
            <line number="831" hits="0"/>
            <line number="834" hits="0"/>
            <line number="835" hits="0"/>
            <line number="838" hits="0"/>
            <line number="839" hits="0"/>
            <line number="841" hits="0"/>
            <line number="842" hits="0"/>
            <line number="845" hits="0"/>
            <line number="847" hits="0"/>
            <line number="848" hits="0"/>
            <line number="849" hits="0"/>
            <line number="852" hits="0"/>
            <line number="853" hits="0"/>
            <line number="856" hits="0"/>
            <line number="857" hits="0"/>
            <line number="859" hits="0"/>
            <line number="860" hits="0"/>
            <line number="861" hits="0"/>
            <line number="863" hits="0"/>
            <line number="864" hits="0"/>
            <line number="865" hits="0"/>
            <line number="866" hits="0"/>
            <line number="867" hits="0"/>
            <line number="869" hits="0"/>
            <line number="871" hits="0"/>
            <line number="873" hits="0"/>
            <line number="874" hits="0"/>
            <line number="876" hits="0"/>
            <line number="877" hits="0"/>
            <line number="881" hits="0"/>
            <line number="883" hits="0"/>
            <line number="884" hits="0"/>
            <line number="886" hits="0"/>
            <line number="887" hits="0"/>
            <line number="889" hits="0"/>
            <line number="890" hits="0"/>
            <line number="892" hits="0"/>
            <line number="893" hits="0"/>
            <line number="895" hits="0"/>
            <line number="896" hits="0"/>
            <line number="904" hits="0"/>
            <line number="907" hits="0"/>
            <line number="908" hits="0"/>
            <line number="910" hits="0"/>
            <line number="913" hits="0"/>
            <line number="915" hits="0"/>
            <line number="917" hits="0"/>
            <line number="918" hits="0"/>
            <line number="920" hits="0"/>
            <line number="921" hits="0"/>
            <line number="922" hits="0"/>
            <line number="924" hits="0"/>
            <line number="926" hits="0"/>
            <line number="927" hits="0"/>
            <line number="928" hits="0"/>
            <line number="930" hits="0"/>
            <line number="932" hits="0"/>
            <line number="941" hits="1"/>
            <line number="942" hits="1"/>
            <line number="943" hits="1"/>
            <line number="946" hits="1"/>
            <line number="947" hits="1"/>
            <line number="948" hits="1"/>
            <line number="950" hits="1"/>
            <line number="951" hits="1"/>
            <line number="953" hits="0"/>
            <line number="955" hits="1"/>
            <line number="958" hits="1"/>
            <line number="959" hits="1"/>
            <line number="960" hits="1"/>
            <line number="962" hits="1"/>
            <line number="963" hits="1"/>
            <line number="965" hits="0"/>
            <line number="967" hits="1"/>
            <line number="970" hits="1"/>
            <line number="971" hits="1"/>
            <line number="973" hits="0"/>
            <line number="976" hits="1"/>
            <line number="978" hits="1"/>
            <line number="980" hits="1"/>
            <line number="982" hits="1"/>
            <line number="985" hits="1"/>
            <line number="987" hits="1"/>
            <line number="988" hits="1"/>
            <line number="997" hits="1"/>
            <line number="998" hits="1"/>
            <line number="1000" hits="1"/>
            <line number="1001" hits="1"/>
            <line number="1003" hits="1"/>
            <line number="1004" hits="1"/>
            <line number="1006" hits="1"/>
            <line number="1008" hits="1"/>
            <line number="1009" hits="1"/>
            <line number="1011" hits="1"/>
            <line number="1013" hits="1"/>
            <line number="1014" hits="1"/>
            <line number="1017" hits="1"/>
            <line number="1018" hits="1"/>
            <line number="1019" hits="1"/>
            <line number="1020" hits="1"/>
            <line number="1021" hits="1"/>
            <line number="1030" hits="1"/>
            <line number="1031" hits="1"/>
            <line number="1032" hits="1"/>
            <line number="1033" hits="1"/>
            <line number="1034" hits="1"/>
            <line number="1036" hits="1"/>
            <line number="1038" hits="0"/>
            <line number="1040" hits="1"/>
            <line number="1049" hits="1"/>
            <line number="1050" hits="1"/>
            <line number="1052" hits="1"/>
            <line number="1054" hits="0"/>
            <line number="1055" hits="0"/>
            <line number="1056" hits="0"/>
            <line number="1059" hits="1"/>
            <line number="1061" hits="1"/>
            <line number="1063" hits="0"/>
            <line number="1064" hits="0"/>
            <line number="1065" hits="0"/>
            <line number="1068" hits="1"/>
            <line number="1069" hits="1"/>
            <line number="1070" hits="1"/>
            <line number="1072" hits="1"/>
            <line number="1074" hits="1"/>
            <line number="1075" hits="1"/>
            <line number="1084" hits="1"/>
            <line number="1085" hits="1"/>
            <line number="1087" hits="1"/>
            <line number="1089" hits="0"/>
            <line number="1090" hits="0"/>
            <line number="1091" hits="0"/>
            <line number="1094" hits="1"/>
            <line number="1095" hits="1"/>
            <line number="1096" hits="1"/>
            <line number="1098" hits="1"/>
            <line number="1100" hits="1"/>
            <line number="1101" hits="1"/>
            <line number="1110" hits="0"/>
            <line number="1111" hits="0"/>
            <line number="1113" hits="0"/>
            <line number="1115" hits="0"/>
            <line number="1116" hits="0"/>
            <line number="1117" hits="0"/>
            <line number="1120" hits="0"/>
            <line number="1121" hits="0"/>
            <line number="1122" hits="0"/>
            <line number="1124" hits="0"/>
            <line number="1126" hits="0"/>
            <line number="1127" hits="0"/>
            <line number="1136" hits="0"/>
            <line number="1137" hits="0"/>
            <line number="1139" hits="0"/>
            <line number="1142" hits="0"/>
            <line number="1144" hits="0"/>
            <line number="1146" hits="0"/>
            <line number="1149" hits="0"/>
            <line number="1150" hits="0"/>
            <line number="1152" hits="0"/>
            <line number="1155" hits="0"/>
            <line number="1157" hits="0"/>
            <line number="1158" hits="0"/>
            <line number="1167" hits="1"/>
            <line number="1168" hits="1"/>
            <line number="1170" hits="0"/>
            <line number="1173" hits="1"/>
            <line number="1175" hits="1"/>
            <line number="1177" hits="1"/>
            <line number="1179" hits="0"/>
            <line number="1182" hits="1"/>
            <line number="1183" hits="1"/>
            <line number="1192" hits="0"/>
            <line number="1193" hits="0"/>
            <line number="1195" hits="0"/>
            <line number="1198" hits="0"/>
            <line number="1200" hits="0"/>
            <line number="1203" hits="0"/>
            <line number="1204" hits="0"/>
            <line number="1206" hits="0"/>
            <line number="1209" hits="0"/>
            <line number="1211" hits="0"/>
            <line number="1213" hits="0"/>
            <line number="1215" hits="0"/>
            <line number="1218" hits="0"/>
            <line number="1219" hits="0"/>
            <line number="1227" hits="1"/>
            <line number="1228" hits="1"/>
            <line number="1229" hits="1"/>
            <line number="1238" hits="1"/>
            <line number="1239" hits="1"/>
            <line number="1241" hits="0"/>
            <line number="1244" hits="1"/>
            <line number="1245" hits="1"/>
            <line number="1246" hits="1"/>
            <line number="1248" hits="1"/>
            <line number="1250" hits="1"/>
            <line number="1253" hits="0"/>
            <line number="1254" hits="0"/>
            <line number="1256" hits="0"/>
            <line number="1257" hits="0"/>
            <line number="1258" hits="0"/>
            <line number="1259" hits="0"/>
            <line number="1260" hits="0"/>
            <line number="1262" hits="0"/>
            <line number="1264" hits="0"/>
            <line number="1265" hits="0"/>
            <line number="1267" hits="0"/>
            <line number="1274" hits="0"/>
            <line number="1277" hits="0"/>
            <line number="1280" hits="0"/>
            <line number="1281" hits="0"/>
            <line number="1282" hits="0"/>
            <line number="1285" hits="0"/>
            <line number="1287" hits="0"/>
            <line number="1290" hits="0"/>
            <line number="1291" hits="1"/>
            <line number="1300" hits="0"/>
            <line number="1301" hits="0"/>
            <line number="1303" hits="0"/>
            <line number="1306" hits="0"/>
            <line number="1307" hits="0"/>
            <line number="1309" hits="0"/>
            <line number="1311" hits="0"/>
            <line number="1316" hits="0"/>
            <line number="1318" hits="0"/>
            <line number="1320" hits="0"/>
            <line number="1322" hits="0"/>
            <line number="1323" hits="0"/>
            <line number="1325" hits="0"/>
            <line number="1327" hits="0"/>
            <line number="1330" hits="0"/>
            <line number="1333" hits="0"/>
            <line number="1335" hits="0"/>
            <line number="1337" hits="0"/>
            <line number="1340" hits="0"/>
            <line number="1341" hits="0"/>
            <line number="1350" hits="1"/>
            <line number="1351" hits="1"/>
            <line number="1353" hits="1"/>
            <line number="1355" hits="1"/>
            <line number="1356" hits="1"/>
            <line number="1359" hits="0"/>
            <line number="1362" hits="1"/>
            <line number="1364" hits="1"/>
            <line number="1366" hits="0"/>
            <line number="1367" hits="0"/>
            <line number="1368" hits="0"/>
            <line number="1371" hits="1"/>
            <line number="1373" hits="1"/>
            <line number="1374" hits="1"/>
            <line number="1383" hits="1"/>
            <line number="1386" hits="1"/>
            <line number="1388" hits="1"/>
            <line number="1390" hits="1"/>
            <line number="1391" hits="1"/>
            <line number="1393" hits="1"/>
            <line number="1394" hits="1"/>
            <line number="1396" hits="1"/>
            <line number="1398" hits="1"/>
            <line number="1399" hits="1"/>
            <line number="1408" hits="1"/>
            <line number="1409" hits="1"/>
            <line number="1411" hits="1"/>
            <line number="1413" hits="0"/>
            <line number="1414" hits="0"/>
            <line number="1417" hits="1"/>
            <line number="1419" hits="1"/>
            <line number="1421" hits="1"/>
            <line number="1422" hits="1"/>
            <line number="1425" hits="0"/>
            <line number="1427" hits="0"/>
            <line number="1428" hits="0"/>
            <line number="1431" hits="0"/>
            <line number="1432" hits="0"/>
            <line number="1434" hits="0"/>
            <line number="1436" hits="0"/>
            <line number="1438" hits="0"/>
            <line number="1440" hits="0"/>
            <line number="1442" hits="0"/>
            <line number="1445" hits="1"/>
            <line number="1446" hits="1"/>
            <line number="1455" hits="1"/>
            <line number="1456" hits="1"/>
            <line number="1457" hits="1"/>
            <line number="1459" hits="1"/>
            <line number="1461" hits="0"/>
            <line number="1464" hits="1"/>
            <line number="1466" hits="1"/>
            <line number="1467" hits="1"/>
            <line number="1469" hits="1"/>
            <line number="1472" hits="0"/>
            <line number="1479" hits="1"/>
            <line number="1480" hits="1"/>
            <line number="1489" hits="0"/>
            <line number="1490" hits="0"/>
            <line number="1491" hits="0"/>
            <line number="1492" hits="0"/>
            <line number="1493" hits="0"/>
            <line number="1495" hits="0"/>
            <line number="1498" hits="0"/>
            <line number="1511" hits="0"/>
            <line number="1512" hits="0"/>
            <line number="1515" hits="0"/>
            <line number="1517" hits="0"/>
            <line number="1518" hits="0"/>
            <line number="1520" hits="0"/>
            <line number="1522" hits="0"/>
            <line number="1523" hits="0"/>
            <line number="1525" hits="0"/>
            <line number="1527" hits="0"/>
            <line number="1528" hits="0"/>
            <line number="1529" hits="0"/>
            <line number="1531" hits="0"/>
            <line number="1534" hits="0"/>
            <line number="1535" hits="0"/>
            <line number="1537" hits="0"/>
            <line number="1539" hits="0"/>
            <line number="1540" hits="0"/>
            <line number="1541" hits="0"/>
            <line number="1543" hits="0"/>
            <line number="1546" hits="0"/>
            <line number="1548" hits="0"/>
            <line number="1549" hits="0"/>
            <line number="1551" hits="0"/>
            <line number="1553" hits="0"/>
            <line number="1555" hits="0"/>
            <line number="1556" hits="0"/>
            <line number="1565" hits="1"/>
            <line number="1566" hits="1"/>
            <line number="1568" hits="1"/>
            <line number="1569" hits="0"/>
            <line number="1572" hits="0"/>
            <line number="1574" hits="1"/>
            <line number="1583" hits="0"/>
            <line number="1584" hits="0"/>
            <line number="1585" hits="0"/>
            <line number="1586" hits="0"/>
            <line number="1588" hits="0"/>
            <line number="1590" hits="0"/>
            <line number="1594" hits="0"/>
            <line number="1597" hits="0"/>
            <line number="1598" hits="0"/>
            <line number="1601" hits="0"/>
            <line number="1604" hits="0"/>
            <line number="1605" hits="0"/>
            <line number="1614" hits="0"/>
            <line number="1615" hits="0"/>
            <line number="1617" hits="0"/>
            <line number="1620" hits="0"/>
            <line number="1621" hits="0"/>
            <line number="1622" hits="0"/>
            <line number="1623" hits="0"/>
            <line number="1624" hits="0"/>
            <line number="1626" hits="0"/>
            <line number="1628" hits="0"/>
            <line number="1629" hits="0"/>
            <line number="1630" hits="0"/>
            <line number="1632" hits="0"/>
            <line number="1633" hits="0"/>
            <line number="1634" hits="0"/>
            <line number="1636" hits="0"/>
            <line number="1638" hits="0"/>
            <line number="1642" hits="0"/>
            <line number="1645" hits="0"/>
            <line number="1646" hits="0"/>
            <line number="1647" hits="0"/>
            <line number="1648" hits="0"/>
            <line number="1650" hits="0"/>
            <line number="1652" hits="0"/>
            <line number="1653" hits="0"/>
            <line number="1655" hits="0"/>
            <line number="1658" hits="0"/>
            <line number="1660" hits="0"/>
            <line number="1663" hits="0"/>
            <line number="1665" hits="0"/>
            <line number="1668" hits="0"/>
            <line number="1671" hits="0"/>
            <line number="1672" hits="0"/>
            <line number="1674" hits="0"/>
            <line number="1676" hits="0"/>
            <line number="1678" hits="0"/>
            <line number="1680" hits="0"/>
            <line number="1682" hits="0"/>
            <line number="1684" hits="0"/>
            <line number="1687" hits="0"/>
            <line number="1688" hits="0"/>
            <line number="1690" hits="0"/>
            <line number="1692" hits="0"/>
            <line number="1694" hits="0"/>
            <line number="1696" hits="0"/>
            <line number="1699" hits="0"/>
            <line number="1700" hits="0"/>
            <line number="1703" hits="0"/>
            <line number="1704" hits="0"/>
            <line number="1706" hits="1"/>
            <line number="1707" hits="1"/>
            <line number="1708" hits="1"/>
            <line number="1709" hits="1"/>
            <line number="1712" hits="1"/>
            <line number="1713" hits="1"/>
            <line number="1714" hits="1"/>
            <line number="1715" hits="1"/>
          </lines>
        </class>
        <class name="ShadowWindow.cpp" filename="Users\Jeremy\Documents\GitHub\DIME\src\ShadowWindow.cpp" line-rate="0.045751633986928102" branch-rate="0" complexity="0">
          <methods/>
          <lines>
            <line number="88" hits="0"/>
            <line number="89" hits="0"/>
            <line number="91" hits="0"/>
            <line number="94" hits="0"/>
            <line number="95" hits="0"/>
            <line number="105" hits="0"/>
            <line number="106" hits="0"/>
            <line number="113" hits="0"/>
            <line number="115" hits="0"/>
            <line number="116" hits="0"/>
            <line number="117" hits="0"/>
            <line number="118" hits="0"/>
            <line number="120" hits="0"/>
            <line number="123" hits="0"/>
            <line number="127" hits="0"/>
            <line number="128" hits="0"/>
            <line number="137" hits="0"/>
            <line number="138" hits="0"/>
            <line number="140" hits="0"/>
            <line number="142" hits="0"/>
            <line number="144" hits="0"/>
            <line number="145" hits="0"/>
            <line number="148" hits="0"/>
            <line number="151" hits="0"/>
            <line number="152" hits="0"/>
            <line number="153" hits="0"/>
            <line number="162" hits="1"/>
            <line number="163" hits="1"/>
            <line number="165" hits="0"/>
            <line number="166" hits="0"/>
            <line number="168" hits="0"/>
            <line number="171" hits="1"/>
            <line number="181" hits="1"/>
            <line number="182" hits="1"/>
            <line number="183" hits="1"/>
            <line number="184" hits="1"/>
            <line number="193" hits="0"/>
            <line number="194" hits="0"/>
            <line number="196" hits="0"/>
            <line number="197" hits="0"/>
            <line number="206" hits="0"/>
            <line number="207" hits="0"/>
            <line number="210" hits="0"/>
            <line number="212" hits="0"/>
            <line number="214" hits="0"/>
            <line number="216" hits="0"/>
            <line number="218" hits="0"/>
            <line number="219" hits="0"/>
            <line number="220" hits="0"/>
            <line number="221" hits="0"/>
            <line number="224" hits="0"/>
            <line number="225" hits="0"/>
            <line number="226" hits="0"/>
            <line number="228" hits="0"/>
            <line number="237" hits="0"/>
            <line number="238" hits="0"/>
            <line number="240" hits="0"/>
            <line number="243" hits="0"/>
            <line number="244" hits="0"/>
            <line number="246" hits="0"/>
            <line number="247" hits="0"/>
            <line number="253" hits="0"/>
            <line number="264" hits="0"/>
            <line number="272" hits="0"/>
            <line number="273" hits="0"/>
            <line number="274" hits="0"/>
            <line number="275" hits="0"/>
            <line number="276" hits="0"/>
            <line number="277" hits="0"/>
            <line number="278" hits="0"/>
            <line number="279" hits="0"/>
            <line number="280" hits="0"/>
            <line number="281" hits="0"/>
            <line number="282" hits="0"/>
            <line number="283" hits="0"/>
            <line number="284" hits="0"/>
            <line number="286" hits="0"/>
            <line number="288" hits="0"/>
            <line number="291" hits="0"/>
            <line number="293" hits="0"/>
            <line number="294" hits="0"/>
            <line number="295" hits="0"/>
            <line number="297" hits="0"/>
            <line number="298" hits="0"/>
            <line number="299" hits="0"/>
            <line number="302" hits="0"/>
            <line number="303" hits="0"/>
            <line number="304" hits="0"/>
            <line number="305" hits="0"/>
            <line number="309" hits="0"/>
            <line number="310" hits="0"/>
            <line number="311" hits="0"/>
            <line number="312" hits="0"/>
            <line number="313" hits="0"/>
            <line number="314" hits="0"/>
            <line number="315" hits="0"/>
            <line number="316" hits="0"/>
            <line number="317" hits="0"/>
            <line number="318" hits="0"/>
            <line number="319" hits="0"/>
            <line number="321" hits="0"/>
            <line number="322" hits="0"/>
            <line number="323" hits="0"/>
            <line number="324" hits="0"/>
            <line number="325" hits="0"/>
            <line number="328" hits="0"/>
            <line number="331" hits="0"/>
            <line number="333" hits="0"/>
            <line number="336" hits="0"/>
            <line number="337" hits="0"/>
            <line number="338" hits="0"/>
            <line number="339" hits="0"/>
            <line number="340" hits="0"/>
            <line number="341" hits="0"/>
            <line number="345" hits="0"/>
            <line number="346" hits="0"/>
            <line number="347" hits="0"/>
            <line number="348" hits="0"/>
            <line number="349" hits="0"/>
            <line number="350" hits="0"/>
            <line number="352" hits="0"/>
            <line number="355" hits="0"/>
            <line number="356" hits="0"/>
            <line number="359" hits="0"/>
            <line number="362" hits="0"/>
            <line number="363" hits="0"/>
            <line number="364" hits="0"/>
            <line number="365" hits="0"/>
            <line number="369" hits="0"/>
            <line number="370" hits="0"/>
            <line number="371" hits="0"/>
            <line number="372" hits="0"/>
            <line number="376" hits="0"/>
            <line number="377" hits="0"/>
            <line number="378" hits="0"/>
            <line number="379" hits="0"/>
            <line number="381" hits="0"/>
            <line number="382" hits="0"/>
            <line number="384" hits="0"/>
            <line number="385" hits="0"/>
            <line number="386" hits="0"/>
            <line number="387" hits="0"/>
            <line number="388" hits="0"/>
            <line number="389" hits="0"/>
            <line number="390" hits="0"/>
            <line number="391" hits="0"/>
            <line number="393" hits="0"/>
            <line number="395" hits="0"/>
            <line number="397" hits="0"/>
            <line number="400" hits="0"/>
            <line number="401" hits="0"/>
            <line number="402" hits="0"/>
            <line number="403" hits="0"/>
          </lines>
        </class>
      </classes>
    </package>
  </packages>
</coverage>
